Using pre-set license
Built from '2020.3/staging' branch; Version is '2020.3.16f1 (049d6eca3c44) revision 302446'; Using compiler version '192528614'; Build Type 'Release'
OS: 'Windows 10 Pro; OS build 19041.1288; Version 2004; 64bit' Language: 'ru' Physical Memory: 6091 MB
BatchMode: 1, IsHumanControllingUs: 0, StartBugReporterOnCrash: 0, Is64bit: 1, IsPro: 0

 COMMAND LINE ARGUMENTS:
C:\Program Files\Unity\Hub\Editor\2020.3.16f1\Editor\Unity.exe
-adb2
-batchMode
-noUpm
-name
AssetImportWorker1
-projectPath
D:/UnityProjects/Архитектура/Arhitecture/Tanks
-logFile
Logs/AssetImportWorker1.log
-srvPort
57436
Successfully changed project path to: D:/UnityProjects/Архитектура/Arhitecture/Tanks
D:/UnityProjects/Архитектура/Arhitecture/Tanks
Using Asset Import Pipeline V2.
Refreshing native plugins compatible for Editor in 90.06 ms, found 2 plugins.
Preloading 0 native plugins for Editor in 0.00 ms.
Initialize engine version: 2020.3.16f1 (049d6eca3c44)
[Subsystems] Discovering subsystems at path C:/Program Files/Unity/Hub/Editor/2020.3.16f1/Editor/Data/Resources/UnitySubsystems
[Subsystems] Discovering subsystems at path D:/UnityProjects/Архитектура/Arhitecture/Tanks/Assets
GfxDevice: creating device client; threaded=0
Direct3D:
    Version:  Direct3D 11.0 [level 11.1]
    Renderer: AMD Radeon(TM) Vega 8 Graphics (ID=0x15d8)
    Vendor:   
    VRAM:     3045 MB
    Driver:   27.20.11044.5003
Initialize mono
Mono path[0] = 'C:/Program Files/Unity/Hub/Editor/2020.3.16f1/Editor/Data/Managed'
Mono path[1] = 'C:/Program Files/Unity/Hub/Editor/2020.3.16f1/Editor/Data/MonoBleedingEdge/lib/mono/unityjit'
Mono config path = 'C:/Program Files/Unity/Hub/Editor/2020.3.16f1/Editor/Data/MonoBleedingEdge/etc'
Using monoOptions --debugger-agent=transport=dt_socket,embedding=1,server=y,suspend=n,address=127.0.0.1:56836
Begin MonoManager ReloadAssembly
Registering precompiled unity dll's ...
Register platform support module: C:/Program Files/Unity/Hub/Editor/2020.3.16f1/Editor/Data/PlaybackEngines/WindowsStandaloneSupport/UnityEditor.WindowsStandalone.Extensions.dll
Registered in 0.007692 seconds.
Native extension for WindowsStandalone target not found
Refreshing native plugins compatible for Editor in 99.88 ms, found 2 plugins.
Preloading 0 native plugins for Editor in 0.00 ms.
Mono: successfully reloaded assembly
- Completed reload, in  5.207 seconds
Domain Reload Profiling:
	ReloadAssembly (5208ms)
		BeginReloadAssembly (148ms)
			ExecutionOrderSort (0ms)
			DisableScriptedObjects (0ms)
			BackupInstance (0ms)
			ReleaseScriptingObjects (0ms)
			CreateAndSetChildDomain (2ms)
		EndReloadAssembly (1005ms)
			LoadAssemblies (143ms)
			RebuildTransferFunctionScriptingTraits (0ms)
			SetupTypeCache (350ms)
			ReleaseScriptCaches (0ms)
			RebuildScriptCaches (63ms)
			SetupLoadedEditorAssemblies (400ms)
				LogAssemblyErrors (0ms)
				InitializePlatformSupportModulesInManaged (9ms)
				SetLoadedEditorAssemblies (0ms)
				RefreshPlugins (100ms)
				BeforeProcessingInitializeOnLoad (47ms)
				ProcessInitializeOnLoadAttributes (175ms)
				ProcessInitializeOnLoadMethodAttributes (68ms)
				AfterProcessingInitializeOnLoad (0ms)
				EditorAssembliesLoaded (0ms)
			ExecutionOrderSort2 (0ms)
			AwakeInstancesAfterBackupRestoration (0ms)
Platform modules already initialized, skipping
Registering precompiled user dll's ...
Registered in 0.010274 seconds.
Begin MonoManager ReloadAssembly
Native extension for WindowsStandalone target not found
Refreshing native plugins compatible for Editor in 1.31 ms, found 2 plugins.
Preloading 0 native plugins for Editor in 0.00 ms.
Refreshing native plugins compatible for Editor in 1.24 ms, found 2 plugins.
Mono: successfully reloaded assembly
- Completed reload, in  2.985 seconds
Domain Reload Profiling:
	ReloadAssembly (2987ms)
		BeginReloadAssembly (442ms)
			ExecutionOrderSort (0ms)
			DisableScriptedObjects (10ms)
			BackupInstance (0ms)
			ReleaseScriptingObjects (0ms)
			CreateAndSetChildDomain (69ms)
		EndReloadAssembly (2365ms)
			LoadAssemblies (317ms)
			RebuildTransferFunctionScriptingTraits (0ms)
			SetupTypeCache (775ms)
			ReleaseScriptCaches (1ms)
			RebuildScriptCaches (96ms)
			SetupLoadedEditorAssemblies (1002ms)
				LogAssemblyErrors (0ms)
				InitializePlatformSupportModulesInManaged (11ms)
				SetLoadedEditorAssemblies (1ms)
				RefreshPlugins (2ms)
				BeforeProcessingInitializeOnLoad (193ms)
				ProcessInitializeOnLoadAttributes (756ms)
				ProcessInitializeOnLoadMethodAttributes (23ms)
				AfterProcessingInitializeOnLoad (17ms)
				EditorAssembliesLoaded (0ms)
			ExecutionOrderSort2 (0ms)
			AwakeInstancesAfterBackupRestoration (14ms)
Platform modules already initialized, skipping
========================================================================
Worker process is ready to serve import requests
Launched and connected shader compiler UnityShaderCompiler.exe after 0.18 seconds
Refreshing native plugins compatible for Editor in 1.17 ms, found 2 plugins.
Preloading 0 native plugins for Editor in 0.00 ms.
Unloading 1780 Unused Serialized files (Serialized files now loaded: 0)
System memory in use before: 80.8 MB.
System memory in use after: 80.9 MB.

Unloading 43 unused Assets to reduce memory usage. Loaded Objects now: 2199.
Total: 9.455800 ms (FindLiveObjects: 0.519700 ms CreateObjectMapping: 0.128900 ms MarkObjects: 8.590900 ms  DeleteObjects: 0.211700 ms)

AssetImportParameters requested are different than current active one (requested -> active):
  custom:framework-win-MediaFoundation: 216162199b28c13a410421893ffa2e32 -> 
  custom:video-decoder-ogg-theora: a1e56fd34408186e4bbccfd4996cb3dc -> 
  custom:container-muxer-webm: aa71ff27fc2769a1b78a27578f13a17b -> 
  custom:container-demuxer-webm: 4f35f7cbe854078d1ac9338744f61a02 -> 
  custom:container-demuxer-ogg: 62fdf1f143b41e24485cea50d1cbac27 -> 
  custom:video-encoder-webm-vp8: eb34c28f22e8b96e1ab97ce403110664 -> 
  custom:video-decoder-webm-vp8: 9c59270c3fd7afecdb556c50c9e8de78 -> 
  custom:audio-decoder-ogg-vorbis: bf7c407c2cedff20999df2af8eb42d56 -> 
  custom:audio-encoder-webm-vorbis: bf7c407c2cedff20999df2af8eb42d56 -> 
========================================================================
Received Import Request.
  path: Assets/Readme.asset
  artifactKey: Guid(83c2ed844a8c74b779a4c823d16594b1) Importer(815301076,1909f56bfc062723c751e8b465ee728b)
Start importing Assets/Readme.asset using Guid(83c2ed844a8c74b779a4c823d16594b1) Importer(815301076,1909f56bfc062723c751e8b465ee728b)  -> (artifact id: 'cd83ecc0968a27d629352c038ec69694') in 0.083810 seconds 
  Import took 0.091460 seconds .

========================================================================
Received Import Request.
  Time since last request: 24.561932 seconds.
  path: Assets/Editor/MoveSceneViewCamera.cs
  artifactKey: Guid(1ac54707d3a75084eb41ad5c4c3a43b5) Importer(815301076,1909f56bfc062723c751e8b465ee728b)
Start importing Assets/Editor/MoveSceneViewCamera.cs using Guid(1ac54707d3a75084eb41ad5c4c3a43b5) Importer(815301076,1909f56bfc062723c751e8b465ee728b)  -> (artifact id: '9e63d939d51d730311fafed22390c837') in 0.010642 seconds 
  Import took 0.017613 seconds .

========================================================================
Received Import Request.
  Time since last request: 0.002447 seconds.
  path: Assets/Editor/MoveSceneViewCamera.cs
  artifactKey: Guid(1ac54707d3a75084eb41ad5c4c3a43b5) Importer(815301076,1909f56bfc062723c751e8b465ee728b)
Start importing Assets/Editor/MoveSceneViewCamera.cs using Guid(1ac54707d3a75084eb41ad5c4c3a43b5) Importer(815301076,1909f56bfc062723c751e8b465ee728b)  -> (artifact id: '9e63d939d51d730311fafed22390c837') in 0.004036 seconds 
  Import took 0.011881 seconds .

========================================================================
Received Import Request.
  Time since last request: 23.487666 seconds.
  path: Assets/Scenes/SampleScene.unity
  artifactKey: Guid(9fc0d4010bbf28b4594072e72b8655ab) Importer(815301076,1909f56bfc062723c751e8b465ee728b)
Start importing Assets/Scenes/SampleScene.unity using Guid(9fc0d4010bbf28b4594072e72b8655ab) Importer(815301076,1909f56bfc062723c751e8b465ee728b)  -> (artifact id: '85059f4f9e1a832ed95adaa0d25c5c4c') in 0.006757 seconds 
  Import took 0.015726 seconds .

========================================================================
Received Import Request.
  Time since last request: 0.007803 seconds.
  path: Assets/Scenes/SampleScene.unity
  artifactKey: Guid(9fc0d4010bbf28b4594072e72b8655ab) Importer(815301076,1909f56bfc062723c751e8b465ee728b)
Start importing Assets/Scenes/SampleScene.unity using Guid(9fc0d4010bbf28b4594072e72b8655ab) Importer(815301076,1909f56bfc062723c751e8b465ee728b)  -> (artifact id: '85059f4f9e1a832ed95adaa0d25c5c4c') in 0.004830 seconds 
  Import took 0.011899 seconds .

========================================================================
Received Import Request.
  Time since last request: 25.015912 seconds.
  path: Assets/Prefabs/DustTrail.prefab
  artifactKey: Guid(f7167ad2844254441b40b8a300b4f1fe) Importer(815301076,1909f56bfc062723c751e8b465ee728b)
Start importing Assets/Prefabs/DustTrail.prefab using Guid(f7167ad2844254441b40b8a300b4f1fe) Importer(815301076,1909f56bfc062723c751e8b465ee728b)  -> (artifact id: '960d47e6d7d8b1ac76966ccee6456268') in 0.672545 seconds 
  Import took 0.680509 seconds .

========================================================================
Received Import Request.
  Time since last request: 0.000617 seconds.
  path: Assets/Prefabs/LevelArt.prefab
  artifactKey: Guid(1cd1bdb2203012a40ab12a0d2fd7aa88) Importer(815301076,1909f56bfc062723c751e8b465ee728b)
Start importing Assets/Prefabs/LevelArt.prefab using Guid(1cd1bdb2203012a40ab12a0d2fd7aa88) Importer(815301076,1909f56bfc062723c751e8b465ee728b)  -> (artifact id: '7313800c7949719785b3490b56f4da57') in 0.542196 seconds 
  Import took 0.552304 seconds .

========================================================================
Received Import Request.
  Time since last request: 0.000709 seconds.
  path: Assets/Prefabs/PumpJack.prefab
  artifactKey: Guid(0eba80400f16aca4b9dd3354bd2ab01b) Importer(815301076,1909f56bfc062723c751e8b465ee728b)
Start importing Assets/Prefabs/PumpJack.prefab using Guid(0eba80400f16aca4b9dd3354bd2ab01b) Importer(815301076,1909f56bfc062723c751e8b465ee728b)  -> (artifact id: '44aaa915b8b65edf2ba5ca049eda3fec') in 0.026152 seconds 
  Import took 0.034517 seconds .

========================================================================
Received Import Request.
  Time since last request: 0.000625 seconds.
  path: Assets/Prefabs/TankExplosion.prefab
  artifactKey: Guid(ee49a9a8678ecf8468eb488e1ac8d42b) Importer(815301076,1909f56bfc062723c751e8b465ee728b)
Start importing Assets/Prefabs/TankExplosion.prefab using Guid(ee49a9a8678ecf8468eb488e1ac8d42b) Importer(815301076,1909f56bfc062723c751e8b465ee728b)  -> (artifact id: '7eca2f192bceeff7b778d1347569199b') in 0.099807 seconds 
  Import took 0.107656 seconds .

========================================================================
Received Import Request.
  Time since last request: 0.000513 seconds.
  path: Assets/Prefabs/ShellExplosion.prefab
  artifactKey: Guid(89e78efe92dfe5a42837b392cdb0bf9e) Importer(815301076,1909f56bfc062723c751e8b465ee728b)
Start importing Assets/Prefabs/ShellExplosion.prefab using Guid(89e78efe92dfe5a42837b392cdb0bf9e) Importer(815301076,1909f56bfc062723c751e8b465ee728b)  -> (artifact id: '9fccb81533b3279f6783d051fd9a4c20') in 0.188781 seconds 
  Import took 0.197804 seconds .

========================================================================
Received Import Request.
  Time since last request: 50.491848 seconds.
  path: Assets/Models/Building01.fbx
  artifactKey: Guid(f698f69d64c51f8438d853e5c274e5fc) Importer(815301076,1909f56bfc062723c751e8b465ee728b)
Start importing Assets/Models/Building01.fbx using Guid(f698f69d64c51f8438d853e5c274e5fc) Importer(815301076,1909f56bfc062723c751e8b465ee728b)  -> (artifact id: 'c974998a5459aab3f7b13944aa4db0f0') in 0.403666 seconds 
  Import took 0.410869 seconds .

========================================================================
Received Import Request.
  Time since last request: 0.000746 seconds.
  path: Assets/Models/OilStorage.fbx
  artifactKey: Guid(e307cb54b57a59342868ad47d1ed0c30) Importer(815301076,1909f56bfc062723c751e8b465ee728b)
Start importing Assets/Models/OilStorage.fbx using Guid(e307cb54b57a59342868ad47d1ed0c30) Importer(815301076,1909f56bfc062723c751e8b465ee728b)  -> (artifact id: '9a6e0c2a80b1174444bdc48462cf77d7') in 0.067287 seconds 
  Import took 0.074611 seconds .

========================================================================
Received Import Request.
  Time since last request: 0.000616 seconds.
  path: Assets/Models/Tank.fbx
  artifactKey: Guid(002e2a607f5b64c48be0b3b0d8b8bfdd) Importer(815301076,1909f56bfc062723c751e8b465ee728b)
Start importing Assets/Models/Tank.fbx using Guid(002e2a607f5b64c48be0b3b0d8b8bfdd) Importer(815301076,1909f56bfc062723c751e8b465ee728b)  -> (artifact id: '9773a608f00dde92f4cd099d4cc70920') in 0.129776 seconds 
  Import took 0.138022 seconds .

========================================================================
Received Import Request.
  Time since last request: 0.000691 seconds.
  path: Assets/Models/Rocks03.fbx
  artifactKey: Guid(fd0d7091fe3f1d24e81321bc2e4209df) Importer(815301076,1909f56bfc062723c751e8b465ee728b)
Start importing Assets/Models/Rocks03.fbx using Guid(fd0d7091fe3f1d24e81321bc2e4209df) Importer(815301076,1909f56bfc062723c751e8b465ee728b)  -> (artifact id: '59f86bf6b3595811768a0ad365ec29e9') in 0.034670 seconds 
  Import took 0.042051 seconds .

========================================================================
Received Import Request.
  Time since last request: 0.001129 seconds.
  path: Assets/Models/Dunes02.fbx
  artifactKey: Guid(38b4fea28f58d3641980a70a5188e750) Importer(815301076,1909f56bfc062723c751e8b465ee728b)
Start importing Assets/Models/Dunes02.fbx using Guid(38b4fea28f58d3641980a70a5188e750) Importer(815301076,1909f56bfc062723c751e8b465ee728b)  -> (artifact id: 'ac2874148d36697faa292e8346964caf') in 0.042944 seconds 
  Import took 0.052300 seconds .

========================================================================
Received Import Request.
  Time since last request: 0.000812 seconds.
  path: Assets/Models/Cliff.fbx
  artifactKey: Guid(12783825d19a606449c1d81b822fb4a2) Importer(815301076,1909f56bfc062723c751e8b465ee728b)
Start importing Assets/Models/Cliff.fbx using Guid(12783825d19a606449c1d81b822fb4a2) Importer(815301076,1909f56bfc062723c751e8b465ee728b)  -> (artifact id: '15a9b4f36aed0494ef2792779ca5ab5a') in 0.062201 seconds 
  Import took 0.071547 seconds .

========================================================================
Received Import Request.
  Time since last request: 0.000729 seconds.
  path: Assets/Models/Dunes01.fbx
  artifactKey: Guid(1b0f8caf6ec3ed644bf9751040d84dcb) Importer(815301076,1909f56bfc062723c751e8b465ee728b)
Start importing Assets/Models/Dunes01.fbx using Guid(1b0f8caf6ec3ed644bf9751040d84dcb) Importer(815301076,1909f56bfc062723c751e8b465ee728b)  -> (artifact id: '6f5b881a4c68a1aef765f899dd691264') in 0.044263 seconds 
  Import took 0.052571 seconds .

========================================================================
Received Import Request.
  Time since last request: 0.000583 seconds.
  path: Assets/Models/Crater01.fbx
  artifactKey: Guid(aef18f364fed1a64ba495d15dcee610d) Importer(815301076,1909f56bfc062723c751e8b465ee728b)
Start importing Assets/Models/Crater01.fbx using Guid(aef18f364fed1a64ba495d15dcee610d) Importer(815301076,1909f56bfc062723c751e8b465ee728b)  -> (artifact id: '613ed5059ee01ebc584e8eff4e2e244f') in 0.309752 seconds 
  Import took 0.319416 seconds .

========================================================================
Received Import Request.
  Time since last request: 0.000763 seconds.
  path: Assets/Models/Shell.fbx
  artifactKey: Guid(9ed1e8a25f964bd4298944675e425a0d) Importer(815301076,1909f56bfc062723c751e8b465ee728b)
Start importing Assets/Models/Shell.fbx using Guid(9ed1e8a25f964bd4298944675e425a0d) Importer(815301076,1909f56bfc062723c751e8b465ee728b)  -> (artifact id: '70724b63a8c964fbb08f18fce6b03326') in 0.067336 seconds 
  Import took 0.075368 seconds .

========================================================================
Received Import Request.
  Time since last request: 0.000657 seconds.
  path: Assets/Models/Building02.fbx
  artifactKey: Guid(7fa610bf2b9bccd48a9b3a6d79f90a37) Importer(815301076,1909f56bfc062723c751e8b465ee728b)
Start importing Assets/Models/Building02.fbx using Guid(7fa610bf2b9bccd48a9b3a6d79f90a37) Importer(815301076,1909f56bfc062723c751e8b465ee728b)  -> (artifact id: '7262cfa2c4982ef3915d3ff7c7d52aeb') in 0.046901 seconds 
  Import took 0.054664 seconds .

========================================================================
Received Import Request.
  Time since last request: 0.000615 seconds.
  path: Assets/Models/Column02.FBX
  artifactKey: Guid(74d835b756ff5654f8060c76cbcb4e19) Importer(815301076,1909f56bfc062723c751e8b465ee728b)
Start importing Assets/Models/Column02.FBX using Guid(74d835b756ff5654f8060c76cbcb4e19) Importer(815301076,1909f56bfc062723c751e8b465ee728b)  -> (artifact id: 'a01c790a6ca8eb9fe5fb94493831f284') in 0.076775 seconds 
  Import took 0.085238 seconds .

========================================================================
Received Import Request.
  Time since last request: 0.000602 seconds.
  path: Assets/Models/Building02.fbx
  artifactKey: Guid(7fa610bf2b9bccd48a9b3a6d79f90a37) Importer(815301076,1909f56bfc062723c751e8b465ee728b)
Start importing Assets/Models/Building02.fbx using Guid(7fa610bf2b9bccd48a9b3a6d79f90a37) Importer(815301076,1909f56bfc062723c751e8b465ee728b)  -> (artifact id: '7262cfa2c4982ef3915d3ff7c7d52aeb') in 0.047079 seconds 
  Import took 0.055696 seconds .

========================================================================
Received Import Request.
  Time since last request: 0.000678 seconds.
  path: Assets/Models/Terrain.fbx
  artifactKey: Guid(126dbcddb53386c4f969fdf0c555e822) Importer(815301076,1909f56bfc062723c751e8b465ee728b)
Start importing Assets/Models/Terrain.fbx using Guid(126dbcddb53386c4f969fdf0c555e822) Importer(815301076,1909f56bfc062723c751e8b465ee728b)  -> (artifact id: '8aa335e66d968218378c7bf6c6c4f556') in 0.050389 seconds 
  Import took 0.058268 seconds .

========================================================================
Received Import Request.
  Time since last request: 0.000618 seconds.
  path: Assets/Models/Rocks02.fbx
  artifactKey: Guid(8f90bdc8aeb4bad4db0cb091100a44f4) Importer(815301076,1909f56bfc062723c751e8b465ee728b)
Start importing Assets/Models/Rocks02.fbx using Guid(8f90bdc8aeb4bad4db0cb091100a44f4) Importer(815301076,1909f56bfc062723c751e8b465ee728b)  -> (artifact id: 'db1531c81ba9aa04549744b479bf730c') in 0.056504 seconds 
  Import took 0.065553 seconds .

========================================================================
Received Import Request.
  Time since last request: 0.000631 seconds.
  path: Assets/Models/PumpJack.fbx
  artifactKey: Guid(d7962f90116a5c94d9a7a2b2e4fbc1b2) Importer(815301076,1909f56bfc062723c751e8b465ee728b)
Start importing Assets/Models/PumpJack.fbx using Guid(d7962f90116a5c94d9a7a2b2e4fbc1b2) Importer(815301076,1909f56bfc062723c751e8b465ee728b)  -> (artifact id: 'bf0635836bd5fdedd91dbb594ca447d3') in 0.102993 seconds 
  Import took 0.112245 seconds .

========================================================================
Received Import Request.
  Time since last request: 0.000641 seconds.
  path: Assets/Models/Radar.fbx
  artifactKey: Guid(afd58f28713632e419efd8f302698ceb) Importer(815301076,1909f56bfc062723c751e8b465ee728b)
Start importing Assets/Models/Radar.fbx using Guid(afd58f28713632e419efd8f302698ceb) Importer(815301076,1909f56bfc062723c751e8b465ee728b)  -> (artifact id: 'ab3865b3ecd81d7d0c69a1a9d58048cf') in 0.036555 seconds 
  Import took 0.044158 seconds .

========================================================================
Received Import Request.
  Time since last request: 0.001258 seconds.
  path: Assets/Models/Rocks01.fbx
  artifactKey: Guid(2964d4e5af87e5245bdd71b73e9b92f1) Importer(815301076,1909f56bfc062723c751e8b465ee728b)
Start importing Assets/Models/Rocks01.fbx using Guid(2964d4e5af87e5245bdd71b73e9b92f1) Importer(815301076,1909f56bfc062723c751e8b465ee728b)  -> (artifact id: 'c620afe79c48209e53ad0c8cf5c71ed0') in 0.043510 seconds 
  Import took 0.051130 seconds .

========================================================================
Received Import Request.
  Time since last request: 0.000736 seconds.
  path: Assets/Models/Ruins01.fbx
  artifactKey: Guid(8c99ccdf18f6a404f84ffd08488298d8) Importer(815301076,1909f56bfc062723c751e8b465ee728b)
Start importing Assets/Models/Ruins01.fbx using Guid(8c99ccdf18f6a404f84ffd08488298d8) Importer(815301076,1909f56bfc062723c751e8b465ee728b)  -> (artifact id: 'f2287efe9851b0fe97a0348a438eff81') in 0.054362 seconds 
  Import took 0.062848 seconds .

========================================================================
Received Import Request.
  Time since last request: 0.000602 seconds.
  path: Assets/Models/BustedTank.fbx
  artifactKey: Guid(8c6d26fe262194242becdec17209d306) Importer(815301076,1909f56bfc062723c751e8b465ee728b)
Start importing Assets/Models/BustedTank.fbx using Guid(8c6d26fe262194242becdec17209d306) Importer(815301076,1909f56bfc062723c751e8b465ee728b)  -> (artifact id: '83f57a347379ae8edce0f033e71277cf') in 0.053865 seconds 
  Import took 0.063847 seconds .

========================================================================
Received Import Request.
  Time since last request: 0.000908 seconds.
  path: Assets/Models/Cow.fbx
  artifactKey: Guid(961487dad48770a4d867fcbcca1e5950) Importer(815301076,1909f56bfc062723c751e8b465ee728b)
Start importing Assets/Models/Cow.fbx using Guid(961487dad48770a4d867fcbcca1e5950) Importer(815301076,1909f56bfc062723c751e8b465ee728b)  -> (artifact id: '6a3e85e9d0dc2ebf0b93cd047a7df05c') in 0.052049 seconds 
  Import took 0.061442 seconds .

========================================================================
Received Import Request.
  Time since last request: 0.000716 seconds.
  path: Assets/Models/Column01.FBX
  artifactKey: Guid(8d8760d4504814540ba00eaa1d1f43ac) Importer(815301076,1909f56bfc062723c751e8b465ee728b)
Start importing Assets/Models/Column01.FBX using Guid(8d8760d4504814540ba00eaa1d1f43ac) Importer(815301076,1909f56bfc062723c751e8b465ee728b)  -> (artifact id: '3cbab5b88617f1920e66a9dcf6326a78') in 0.053826 seconds 
  Import took 0.063193 seconds .

========================================================================
Received Import Request.
  Time since last request: 0.000921 seconds.
  path: Assets/Models/Tree.fbx
  artifactKey: Guid(50912a5d3c9322a46afa5ca162962a5c) Importer(815301076,1909f56bfc062723c751e8b465ee728b)
Start importing Assets/Models/Tree.fbx using Guid(50912a5d3c9322a46afa5ca162962a5c) Importer(815301076,1909f56bfc062723c751e8b465ee728b)  -> (artifact id: '7c3bde8cbbdf3782508661c337128f59') in 0.050265 seconds 
  Import took 0.058909 seconds .

========================================================================
Received Import Request.
  Time since last request: 0.000763 seconds.
  path: Assets/Models/PalmTree.fbx
  artifactKey: Guid(a1194fc0a76098e499948ecf77b6acdf) Importer(815301076,1909f56bfc062723c751e8b465ee728b)
Start importing Assets/Models/PalmTree.fbx using Guid(a1194fc0a76098e499948ecf77b6acdf) Importer(815301076,1909f56bfc062723c751e8b465ee728b)  -> (artifact id: '6f127822e97bf1c57382596360459a1c') in 0.058193 seconds 
  Import took 0.067457 seconds .

========================================================================
Received Import Request.
  Time since last request: 0.000666 seconds.
  path: Assets/Models/Concrete.fbx
  artifactKey: Guid(a678ab9f67b4ce84093be35214bdb92d) Importer(815301076,1909f56bfc062723c751e8b465ee728b)
Start importing Assets/Models/Concrete.fbx using Guid(a678ab9f67b4ce84093be35214bdb92d) Importer(815301076,1909f56bfc062723c751e8b465ee728b)  -> (artifact id: 'f96f95d6a2929c5d9f1f76bd5f8e876a') in 0.062937 seconds 
  Import took 0.071467 seconds .

========================================================================
Received Import Request.
  Time since last request: 0.000689 seconds.
  path: Assets/Models/Cactus.fbx
  artifactKey: Guid(00b5a8045a3c3914bb0dfdf2d62f05c9) Importer(815301076,1909f56bfc062723c751e8b465ee728b)
Start importing Assets/Models/Cactus.fbx using Guid(00b5a8045a3c3914bb0dfdf2d62f05c9) Importer(815301076,1909f56bfc062723c751e8b465ee728b)  -> (artifact id: 'ca276e29ed5824e457f3cf41ff5d2410') in 0.056421 seconds 
  Import took 0.066063 seconds .

========================================================================
Received Import Request.
  Time since last request: 0.000719 seconds.
  path: Assets/Models/Helipad.fbx
  artifactKey: Guid(614b6b69c0bbcd945bb2f83eb02a3436) Importer(815301076,1909f56bfc062723c751e8b465ee728b)
Start importing Assets/Models/Helipad.fbx using Guid(614b6b69c0bbcd945bb2f83eb02a3436) Importer(815301076,1909f56bfc062723c751e8b465ee728b)  -> (artifact id: 'cbfe157451e9ccad17e92ab976e4067f') in 0.069754 seconds 
  Import took 0.078120 seconds .

========================================================================
Received Import Request.
  Time since last request: 0.000972 seconds.
  path: Assets/Models/Refinery.fbx
  artifactKey: Guid(6e4d8dfe03882c54380948659f725233) Importer(815301076,1909f56bfc062723c751e8b465ee728b)
Start importing Assets/Models/Refinery.fbx using Guid(6e4d8dfe03882c54380948659f725233) Importer(815301076,1909f56bfc062723c751e8b465ee728b)  -> (artifact id: '04dc58666867db45f5dc4f312e27483b') in 0.052932 seconds 
  Import took 0.061479 seconds .

========================================================================
Received Import Request.
  Time since last request: 20.364770 seconds.
  path: Assets/Materials/Dust.mat
  artifactKey: Guid(424be3af6ad117140887d3e652a89d24) Importer(815301076,1909f56bfc062723c751e8b465ee728b)
Start importing Assets/Materials/Dust.mat using Guid(424be3af6ad117140887d3e652a89d24) Importer(815301076,1909f56bfc062723c751e8b465ee728b)  -> (artifact id: '4f8eb0220f9cb9056a0e3d386b4de807') in 0.082214 seconds 
  Import took 0.089517 seconds .

========================================================================
Received Prepare
Registering precompiled user dll's ...
Registered in 0.009924 seconds.
Begin MonoManager ReloadAssembly
Native extension for WindowsStandalone target not found
Refreshing native plugins compatible for Editor in 1.20 ms, found 2 plugins.
Preloading 0 native plugins for Editor in 0.00 ms.
Mono: successfully reloaded assembly
- Completed reload, in  2.518 seconds
Domain Reload Profiling:
	ReloadAssembly (2519ms)
		BeginReloadAssembly (326ms)
			ExecutionOrderSort (0ms)
			DisableScriptedObjects (11ms)
			BackupInstance (0ms)
			ReleaseScriptingObjects (0ms)
			CreateAndSetChildDomain (91ms)
		EndReloadAssembly (1974ms)
			LoadAssemblies (258ms)
			RebuildTransferFunctionScriptingTraits (0ms)
			SetupTypeCache (629ms)
			ReleaseScriptCaches (2ms)
			RebuildScriptCaches (92ms)
			SetupLoadedEditorAssemblies (862ms)
				LogAssemblyErrors (0ms)
				InitializePlatformSupportModulesInManaged (11ms)
				SetLoadedEditorAssemblies (1ms)
				RefreshPlugins (1ms)
				BeforeProcessingInitializeOnLoad (196ms)
				ProcessInitializeOnLoadAttributes (611ms)
				ProcessInitializeOnLoadMethodAttributes (22ms)
				AfterProcessingInitializeOnLoad (19ms)
				EditorAssembliesLoaded (1ms)
			ExecutionOrderSort2 (0ms)
			AwakeInstancesAfterBackupRestoration (15ms)
Platform modules already initialized, skipping
Refreshing native plugins compatible for Editor in 1.24 ms, found 2 plugins.
Preloading 0 native plugins for Editor in 0.00 ms.
Unloading 1746 Unused Serialized files (Serialized files now loaded: 0)
System memory in use before: 81.7 MB.
System memory in use after: 81.8 MB.

Unloading 36 unused Assets to reduce memory usage. Loaded Objects now: 2246.
Total: 6.904600 ms (FindLiveObjects: 0.574300 ms CreateObjectMapping: 0.150300 ms MarkObjects: 6.057300 ms  DeleteObjects: 0.118900 ms)

AssetImportParameters requested are different than current active one (requested -> active):
  custom:framework-win-MediaFoundation: 216162199b28c13a410421893ffa2e32 -> 
  custom:video-decoder-ogg-theora: a1e56fd34408186e4bbccfd4996cb3dc -> 
  custom:container-muxer-webm: aa71ff27fc2769a1b78a27578f13a17b -> 
  custom:container-demuxer-webm: 4f35f7cbe854078d1ac9338744f61a02 -> 
  custom:container-demuxer-ogg: 62fdf1f143b41e24485cea50d1cbac27 -> 
  custom:video-encoder-webm-vp8: eb34c28f22e8b96e1ab97ce403110664 -> 
  custom:video-decoder-webm-vp8: 9c59270c3fd7afecdb556c50c9e8de78 -> 
  custom:audio-decoder-ogg-vorbis: bf7c407c2cedff20999df2af8eb42d56 -> 
  custom:audio-encoder-webm-vorbis: bf7c407c2cedff20999df2af8eb42d56 -> 
========================================================================
Received Import Request.
  Time since last request: 3.761216 seconds.
  path: Assets/Prefabs/DustTrail.prefab
  artifactKey: Guid(f7167ad2844254441b40b8a300b4f1fe) Importer(815301076,1909f56bfc062723c751e8b465ee728b)
Start importing Assets/Prefabs/DustTrail.prefab using Guid(f7167ad2844254441b40b8a300b4f1fe) Importer(815301076,1909f56bfc062723c751e8b465ee728b)  -> (artifact id: 'cad1d9bebf02c2bc0897607274a59238') in 0.142441 seconds 
  Import took 0.149839 seconds .

========================================================================
Received Import Request.
  Time since last request: 0.267031 seconds.
  path: Assets/Materials/Explosion.mat
  artifactKey: Guid(87bf8b67d0a902842a3b617c1c75d6e5) Importer(815301076,1909f56bfc062723c751e8b465ee728b)
Start importing Assets/Materials/Explosion.mat using Guid(87bf8b67d0a902842a3b617c1c75d6e5) Importer(815301076,1909f56bfc062723c751e8b465ee728b)  -> (artifact id: '35607ce102453737d29677fd25e30324') in 0.069713 seconds 
  Import took 0.078059 seconds .

========================================================================
Received Import Request.
  Time since last request: 0.091331 seconds.
  path: Assets/Prefabs/ShellExplosion.prefab
  artifactKey: Guid(89e78efe92dfe5a42837b392cdb0bf9e) Importer(815301076,1909f56bfc062723c751e8b465ee728b)
Start importing Assets/Prefabs/ShellExplosion.prefab using Guid(89e78efe92dfe5a42837b392cdb0bf9e) Importer(815301076,1909f56bfc062723c751e8b465ee728b)  -> (artifact id: 'df31fc99faeed36d2e25c06c41dc6b29') in 0.037602 seconds 
  Import took 0.046886 seconds .

========================================================================
Received Import Request.
  Time since last request: 16.873489 seconds.
  path: Assets/Profiles/GlobalProfile.asset
  artifactKey: Guid(7a47a74a22125414e9a689e4b7c80970) Importer(815301076,1909f56bfc062723c751e8b465ee728b)
Start importing Assets/Profiles/GlobalProfile.asset using Guid(7a47a74a22125414e9a689e4b7c80970) Importer(815301076,1909f56bfc062723c751e8b465ee728b)  -> (artifact id: 'c0b7192ad2b92dde9267843f247406c4') in 0.060594 seconds 
  Import took 0.066672 seconds .

========================================================================
Received Import Request.
  Time since last request: 20.556066 seconds.
  path: Assets/Scripts/Camera
  artifactKey: Guid(7a43051ea413c884fb05edbbb60d7cc3) Importer(815301076,1909f56bfc062723c751e8b465ee728b)
Start importing Assets/Scripts/Camera using Guid(7a43051ea413c884fb05edbbb60d7cc3) Importer(815301076,1909f56bfc062723c751e8b465ee728b)  -> (artifact id: 'ac06b8c23d10e2d1605eab967327f7af') in 0.003830 seconds 
  Import took 0.011132 seconds .

========================================================================
Received Import Request.
  Time since last request: 0.012338 seconds.
  path: Assets/Scripts/Camera
  artifactKey: Guid(7a43051ea413c884fb05edbbb60d7cc3) Importer(815301076,1909f56bfc062723c751e8b465ee728b)
Start importing Assets/Scripts/Camera using Guid(7a43051ea413c884fb05edbbb60d7cc3) Importer(815301076,1909f56bfc062723c751e8b465ee728b)  -> (artifact id: 'ac06b8c23d10e2d1605eab967327f7af') in 0.003952 seconds 
  Import took 0.010278 seconds .

========================================================================
Received Prepare
Registering precompiled user dll's ...
Registered in 0.043462 seconds.
Begin MonoManager ReloadAssembly
Native extension for WindowsStandalone target not found
Refreshing native plugins compatible for Editor in 1.27 ms, found 2 plugins.
Preloading 0 native plugins for Editor in 0.00 ms.
Mono: successfully reloaded assembly
- Completed reload, in  2.117 seconds
Domain Reload Profiling:
	ReloadAssembly (2118ms)
		BeginReloadAssembly (222ms)
			ExecutionOrderSort (0ms)
			DisableScriptedObjects (11ms)
			BackupInstance (0ms)
			ReleaseScriptingObjects (0ms)
			CreateAndSetChildDomain (75ms)
		EndReloadAssembly (1765ms)
			LoadAssemblies (173ms)
			RebuildTransferFunctionScriptingTraits (0ms)
			SetupTypeCache (555ms)
			ReleaseScriptCaches (2ms)
			RebuildScriptCaches (72ms)
			SetupLoadedEditorAssemblies (770ms)
				LogAssemblyErrors (0ms)
				InitializePlatformSupportModulesInManaged (11ms)
				SetLoadedEditorAssemblies (1ms)
				RefreshPlugins (1ms)
				BeforeProcessingInitializeOnLoad (153ms)
				ProcessInitializeOnLoadAttributes (569ms)
				ProcessInitializeOnLoadMethodAttributes (16ms)
				AfterProcessingInitializeOnLoad (17ms)
				EditorAssembliesLoaded (1ms)
			ExecutionOrderSort2 (0ms)
			AwakeInstancesAfterBackupRestoration (14ms)
Platform modules already initialized, skipping
Refreshing native plugins compatible for Editor in 1.25 ms, found 2 plugins.
Preloading 0 native plugins for Editor in 0.00 ms.
Unloading 1746 Unused Serialized files (Serialized files now loaded: 0)
System memory in use before: 81.7 MB.
System memory in use after: 81.8 MB.

Unloading 36 unused Assets to reduce memory usage. Loaded Objects now: 2249.
Total: 6.518800 ms (FindLiveObjects: 0.455500 ms CreateObjectMapping: 0.071000 ms MarkObjects: 5.847700 ms  DeleteObjects: 0.141200 ms)

AssetImportParameters requested are different than current active one (requested -> active):
  custom:framework-win-MediaFoundation: 216162199b28c13a410421893ffa2e32 -> 
  custom:video-decoder-ogg-theora: a1e56fd34408186e4bbccfd4996cb3dc -> 
  custom:container-muxer-webm: aa71ff27fc2769a1b78a27578f13a17b -> 
  custom:container-demuxer-webm: 4f35f7cbe854078d1ac9338744f61a02 -> 
  custom:container-demuxer-ogg: 62fdf1f143b41e24485cea50d1cbac27 -> 
  custom:video-encoder-webm-vp8: eb34c28f22e8b96e1ab97ce403110664 -> 
  custom:video-decoder-webm-vp8: 9c59270c3fd7afecdb556c50c9e8de78 -> 
  custom:audio-decoder-ogg-vorbis: bf7c407c2cedff20999df2af8eb42d56 -> 
  custom:audio-encoder-webm-vorbis: bf7c407c2cedff20999df2af8eb42d56 -> 
========================================================================
Received Import Request.
  Time since last request: 4114.703247 seconds.
  path: Assets/Sprites/Aim Arrow.png
  artifactKey: Guid(ab943d3d5ac38bb448fabe3cdc9516d1) Importer(815301076,1909f56bfc062723c751e8b465ee728b)
Start importing Assets/Sprites/Aim Arrow.png using Guid(ab943d3d5ac38bb448fabe3cdc9516d1) Importer(815301076,1909f56bfc062723c751e8b465ee728b)  -> (artifact id: '2c9341199a66247d0bff887c18cb336d') in 0.202507 seconds 
  Import took 0.209557 seconds .

========================================================================
Received Import Request.
  Time since last request: 0.000705 seconds.
  path: Assets/Sprites/Smoke.tif
  artifactKey: Guid(8e2e7f1c0de3a1e4bab7041325aef152) Importer(815301076,1909f56bfc062723c751e8b465ee728b)
Start importing Assets/Sprites/Smoke.tif using Guid(8e2e7f1c0de3a1e4bab7041325aef152) Importer(815301076,1909f56bfc062723c751e8b465ee728b)  -> (artifact id: 'f97ed7dad95e76ff001ff044890a639b') in 0.065718 seconds 
  Import took 0.072851 seconds .

========================================================================
Received Import Request.
  Time since last request: 0.000745 seconds.
  path: Assets/Sprites/Health Wheel.png
  artifactKey: Guid(c7dd97e9cd879304795b366cbf187bfe) Importer(815301076,1909f56bfc062723c751e8b465ee728b)
Start importing Assets/Sprites/Health Wheel.png using Guid(c7dd97e9cd879304795b366cbf187bfe) Importer(815301076,1909f56bfc062723c751e8b465ee728b)  -> (artifact id: 'c50f296351df791c38f3fc7358923b83') in 0.084657 seconds 
  Import took 0.093788 seconds .

========================================================================
Received Import Request.
  Time since last request: 126.454398 seconds.
  path: Assets
  artifactKey: Guid(00000000000000001000000000000000) Importer(815301076,1909f56bfc062723c751e8b465ee728b)
Start importing Assets using Guid(00000000000000001000000000000000) Importer(815301076,1909f56bfc062723c751e8b465ee728b)  -> (artifact id: '42d402b061de3733987d63b9cc3b64de') in 0.004728 seconds 
  Import took 0.012762 seconds .

========================================================================
Received Import Request.
  Time since last request: 0.001313 seconds.
  path: Assets
  artifactKey: Guid(00000000000000001000000000000000) Importer(815301076,1909f56bfc062723c751e8b465ee728b)
Start importing Assets using Guid(00000000000000001000000000000000) Importer(815301076,1909f56bfc062723c751e8b465ee728b)  -> (artifact id: '42d402b061de3733987d63b9cc3b64de') in 0.003677 seconds 
  Import took 0.011233 seconds .

========================================================================
Received Import Request.
  Time since last request: 13.649594 seconds.
  path: Assets/MyPrefabs
  artifactKey: Guid(bc4c75e21894f3240a60eb5932105116) Importer(815301076,1909f56bfc062723c751e8b465ee728b)
Start importing Assets/MyPrefabs using Guid(bc4c75e21894f3240a60eb5932105116) Importer(815301076,1909f56bfc062723c751e8b465ee728b)  -> (artifact id: '348b7b0c017fd9b9e8465548ff9ddc2d') in 0.004991 seconds 
  Import took 0.013254 seconds .

========================================================================
Received Import Request.
  Time since last request: 10.513678 seconds.
  path: Assets/MyPrefabs/Tank.prefab
  artifactKey: Guid(cd0104614882b964784e0c6121a6a658) Importer(815301076,1909f56bfc062723c751e8b465ee728b)
Start importing Assets/MyPrefabs/Tank.prefab using Guid(cd0104614882b964784e0c6121a6a658) Importer(815301076,1909f56bfc062723c751e8b465ee728b)  -> (artifact id: 'eb83c73dd0987f27394072ba21bde8c9') in 0.130939 seconds 
  Import took 0.139244 seconds .

========================================================================
Received Import Request.
  Time since last request: 57.352895 seconds.
  path: Assets/MyPrefabs/Tank (1).prefab
  artifactKey: Guid(3ed3b9622dff74a46b7a84aa3f2ab438) Importer(815301076,1909f56bfc062723c751e8b465ee728b)
Start importing Assets/MyPrefabs/Tank (1).prefab using Guid(3ed3b9622dff74a46b7a84aa3f2ab438) Importer(815301076,1909f56bfc062723c751e8b465ee728b)  -> (artifact id: '5a06ed29d4357834bb21c22044bb7b22') in 0.041350 seconds 
  Import took 0.049964 seconds .

========================================================================
Received Import Request.
  Time since last request: 0.008822 seconds.
  path: Assets/MyPrefabs/Tank (1).prefab
  artifactKey: Guid(3ed3b9622dff74a46b7a84aa3f2ab438) Importer(815301076,1909f56bfc062723c751e8b465ee728b)
Start importing Assets/MyPrefabs/Tank (1).prefab using Guid(3ed3b9622dff74a46b7a84aa3f2ab438) Importer(815301076,1909f56bfc062723c751e8b465ee728b)  -> (artifact id: '5a06ed29d4357834bb21c22044bb7b22') in 0.034075 seconds 
  Import took 0.043429 seconds .

========================================================================
Received Import Request.
  Time since last request: 45.986833 seconds.
  path: ProjectSettings/TagManager.asset
  artifactKey: Guid(00000000000000003000000000000000) Importer(815301076,1909f56bfc062723c751e8b465ee728b)
Start importing ProjectSettings/TagManager.asset using Guid(00000000000000003000000000000000) Importer(815301076,1909f56bfc062723c751e8b465ee728b)  -> (artifact id: '0f2b3658ee679b50148cb9ebe978ec60') in 0.006614 seconds 
  Import took 0.015442 seconds .

========================================================================
Received Import Request.
  Time since last request: 36.826603 seconds.
  path: Assets/MyPrefabs/EnemyTank.prefab
  artifactKey: Guid(3ed3b9622dff74a46b7a84aa3f2ab438) Importer(815301076,1909f56bfc062723c751e8b465ee728b)
Start importing Assets/MyPrefabs/EnemyTank.prefab using Guid(3ed3b9622dff74a46b7a84aa3f2ab438) Importer(815301076,1909f56bfc062723c751e8b465ee728b)  -> (artifact id: '2109ab365ea4f0d24ab2ee86aa44cb40') in 0.044962 seconds 
  Import took 0.054394 seconds .

========================================================================
Received Import Request.
  Time since last request: 72.867467 seconds.
  path: Assets/MyPrefabs/PlayerTank.prefab
  artifactKey: Guid(cd0104614882b964784e0c6121a6a658) Importer(815301076,1909f56bfc062723c751e8b465ee728b)
Start importing Assets/MyPrefabs/PlayerTank.prefab using Guid(cd0104614882b964784e0c6121a6a658) Importer(815301076,1909f56bfc062723c751e8b465ee728b)  -> (artifact id: 'a9e264212855f80c11732953ca584c8e') in 0.046233 seconds 
  Import took 0.054736 seconds .

========================================================================
Received Import Request.
  Time since last request: 19.486370 seconds.
  path: Assets/MyMaterials
  artifactKey: Guid(1e176a12f77d2ff41bda687ae79de691) Importer(815301076,1909f56bfc062723c751e8b465ee728b)
Start importing Assets/MyMaterials using Guid(1e176a12f77d2ff41bda687ae79de691) Importer(815301076,1909f56bfc062723c751e8b465ee728b)  -> (artifact id: 'fdc5d65c0af27f7b56e5ff153768b849') in 0.003522 seconds 
  Import took 0.011461 seconds .

========================================================================
Received Import Request.
  Time since last request: 3.841767 seconds.
  path: Assets/Materials/Blue.mat
  artifactKey: Guid(ff21ff0ea9b18924bb1fdfbb0e58f5cb) Importer(815301076,1909f56bfc062723c751e8b465ee728b)
Start importing Assets/Materials/Blue.mat using Guid(ff21ff0ea9b18924bb1fdfbb0e58f5cb) Importer(815301076,1909f56bfc062723c751e8b465ee728b)  -> (artifact id: 'eab4a2215636f8ade251aa915804eb71') in 0.174709 seconds 
  Import took 0.181989 seconds .

========================================================================
Received Import Request.
  Time since last request: 0.000637 seconds.
  path: Assets/Materials/BuildingWhite.mat
  artifactKey: Guid(d0c31a39c426da94496d2abbf928d525) Importer(815301076,1909f56bfc062723c751e8b465ee728b)
Start importing Assets/Materials/BuildingWhite.mat using Guid(d0c31a39c426da94496d2abbf928d525) Importer(815301076,1909f56bfc062723c751e8b465ee728b)  -> (artifact id: 'dcbe7c48a71f98e68791081ee7cbb683') in 0.035657 seconds 
  Import took 0.046023 seconds .

========================================================================
Received Import Request.
  Time since last request: 0.000809 seconds.
  path: Assets/Materials/Green.mat
  artifactKey: Guid(c39933e60e73205419d1f79a2af1fdac) Importer(815301076,1909f56bfc062723c751e8b465ee728b)
Start importing Assets/Materials/Green.mat using Guid(c39933e60e73205419d1f79a2af1fdac) Importer(815301076,1909f56bfc062723c751e8b465ee728b)  -> (artifact id: 'daa4e3d9677d059f42b72d72ce85f70f') in 0.035956 seconds 
  Import took 0.057760 seconds .

========================================================================
Received Import Request.
  Time since last request: 0.002504 seconds.
  path: Assets/Materials/OilDrums.mat
  artifactKey: Guid(b3a1f2f69b4c3a84cba5446e31e87c20) Importer(815301076,1909f56bfc062723c751e8b465ee728b)
Start importing Assets/Materials/OilDrums.mat using Guid(b3a1f2f69b4c3a84cba5446e31e87c20) Importer(815301076,1909f56bfc062723c751e8b465ee728b)  -> (artifact id: '9495592499a7d2976e861171c04a2686') in 0.025409 seconds 
  Import took 0.033628 seconds .

========================================================================
Received Import Request.
  Time since last request: 0.000776 seconds.
  path: Assets/Materials/TankColour.mat
  artifactKey: Guid(12c120f2400576c4f97a98bcca5529bc) Importer(815301076,1909f56bfc062723c751e8b465ee728b)
Start importing Assets/Materials/TankColour.mat using Guid(12c120f2400576c4f97a98bcca5529bc) Importer(815301076,1909f56bfc062723c751e8b465ee728b)  -> (artifact id: 'd82f33576c31ce2b91290e7408e213b7') in 0.033560 seconds 
  Import took 0.044709 seconds .

========================================================================
Received Import Request.
  Time since last request: 0.000743 seconds.
  path: Assets/Materials/TankGrey.mat
  artifactKey: Guid(c4c5f95d06932564c8672b4bafeb1b28) Importer(815301076,1909f56bfc062723c751e8b465ee728b)
Start importing Assets/Materials/TankGrey.mat using Guid(c4c5f95d06932564c8672b4bafeb1b28) Importer(815301076,1909f56bfc062723c751e8b465ee728b)  -> (artifact id: 'ff8d55f8c3e55801abc2dd3fa86ea01d') in 0.030131 seconds 
  Import took 0.041229 seconds .

========================================================================
Received Import Request.
  Time since last request: 0.000724 seconds.
  path: Assets/Materials/BuildingGlass.mat
  artifactKey: Guid(7e41e83d6bd224b4d99fa3ffa5e3a3a4) Importer(815301076,1909f56bfc062723c751e8b465ee728b)
Start importing Assets/Materials/BuildingGlass.mat using Guid(7e41e83d6bd224b4d99fa3ffa5e3a3a4) Importer(815301076,1909f56bfc062723c751e8b465ee728b)  -> (artifact id: '1528e2f338884331e214f268a302826a') in 0.034697 seconds 
  Import took 0.044964 seconds .

========================================================================
Received Import Request.
  Time since last request: 0.001390 seconds.
  path: Assets/Materials/BuildingMetal.mat
  artifactKey: Guid(e7df269b1d6121e4787b2f27aab18dbe) Importer(815301076,1909f56bfc062723c751e8b465ee728b)
Start importing Assets/Materials/BuildingMetal.mat using Guid(e7df269b1d6121e4787b2f27aab18dbe) Importer(815301076,1909f56bfc062723c751e8b465ee728b)  -> (artifact id: 'fbb603bedbdae7d1ef7bc4f62ca64a8d') in 0.034652 seconds 
  Import took 0.044943 seconds .

========================================================================
Received Import Request.
  Time since last request: 0.000699 seconds.
  path: Assets/Materials/YellowDark.mat
  artifactKey: Guid(4b4b25f923792ce4ab819907a4629058) Importer(815301076,1909f56bfc062723c751e8b465ee728b)
Start importing Assets/Materials/YellowDark.mat using Guid(4b4b25f923792ce4ab819907a4629058) Importer(815301076,1909f56bfc062723c751e8b465ee728b)  -> (artifact id: '5d18fb53e5910faf9407ebda74baec4a') in 0.037015 seconds 
  Import took 0.045535 seconds .

========================================================================
Received Import Request.
  Time since last request: 0.000688 seconds.
  path: Assets/Materials/TankLights.mat
  artifactKey: Guid(574c4e070e5dd0a40a02b979f582a836) Importer(815301076,1909f56bfc062723c751e8b465ee728b)
Start importing Assets/Materials/TankLights.mat using Guid(574c4e070e5dd0a40a02b979f582a836) Importer(815301076,1909f56bfc062723c751e8b465ee728b)  -> (artifact id: '154e6fd98aa1d90da50cb3547d8346e9') in 0.031228 seconds 
  Import took 0.041637 seconds .

========================================================================
Received Import Request.
  Time since last request: 0.000741 seconds.
  path: Assets/Materials/Brown.mat
  artifactKey: Guid(65b34bd0b696fd64c809daa8ff1aac63) Importer(815301076,1909f56bfc062723c751e8b465ee728b)
Start importing Assets/Materials/Brown.mat using Guid(65b34bd0b696fd64c809daa8ff1aac63) Importer(815301076,1909f56bfc062723c751e8b465ee728b)  -> (artifact id: 'ad145e0cfacbfdd477842fdc9a9e5e0f') in 0.027878 seconds 
  Import took 0.035165 seconds .

========================================================================
Received Import Request.
  Time since last request: 0.000607 seconds.
  path: Assets/Materials/YellowLight.mat
  artifactKey: Guid(2ebf33c8c66048e4392138d1501e6be3) Importer(815301076,1909f56bfc062723c751e8b465ee728b)
Start importing Assets/Materials/YellowLight.mat using Guid(2ebf33c8c66048e4392138d1501e6be3) Importer(815301076,1909f56bfc062723c751e8b465ee728b)  -> (artifact id: 'a6d0b9cc5bc83d31318517b561325172') in 0.022686 seconds 
  Import took 0.030663 seconds .

========================================================================
Received Import Request.
  Time since last request: 0.000488 seconds.
  path: Assets/Materials/Red.mat
  artifactKey: Guid(463052f3f7389124f9e7b34b0b931d0d) Importer(815301076,1909f56bfc062723c751e8b465ee728b)
Start importing Assets/Materials/Red.mat using Guid(463052f3f7389124f9e7b34b0b931d0d) Importer(815301076,1909f56bfc062723c751e8b465ee728b)  -> (artifact id: '63cc3e0e6f7d654b3a6c740438e14a95') in 0.031908 seconds 
  Import took 0.038820 seconds .

========================================================================
Received Import Request.
  Time since last request: 0.000540 seconds.
  path: Assets/Materials/White.mat
  artifactKey: Guid(c0d660c0333c4224098a02ecd84d6232) Importer(815301076,1909f56bfc062723c751e8b465ee728b)
Start importing Assets/Materials/White.mat using Guid(c0d660c0333c4224098a02ecd84d6232) Importer(815301076,1909f56bfc062723c751e8b465ee728b)  -> (artifact id: '612b1ba5dd424e53d8c28d3685d86a59') in 0.031371 seconds 
  Import took 0.038371 seconds .

========================================================================
Received Import Request.
  Time since last request: 0.000536 seconds.
  path: Assets/Materials/Grey.mat
  artifactKey: Guid(db9ceca9e86a2724aaa5c3df2991dba7) Importer(815301076,1909f56bfc062723c751e8b465ee728b)
Start importing Assets/Materials/Grey.mat using Guid(db9ceca9e86a2724aaa5c3df2991dba7) Importer(815301076,1909f56bfc062723c751e8b465ee728b)  -> (artifact id: 'cb325519113fbc2758019f55bb4215cf') in 0.031311 seconds 
  Import took 0.037904 seconds .

========================================================================
Received Import Request.
  Time since last request: 0.000522 seconds.
  path: Assets/Materials/BuildingGrey.mat
  artifactKey: Guid(87d2e70ca18454e4f855f8d99afb32e3) Importer(815301076,1909f56bfc062723c751e8b465ee728b)
Start importing Assets/Materials/BuildingGrey.mat using Guid(87d2e70ca18454e4f855f8d99afb32e3) Importer(815301076,1909f56bfc062723c751e8b465ee728b)  -> (artifact id: 'c1036f79270d630472ad0456bb9d9bb0') in 0.038636 seconds 
  Import took 0.045504 seconds .

========================================================================
Received Import Request.
  Time since last request: 0.000574 seconds.
  path: Assets/Materials/BuildingStone.mat
  artifactKey: Guid(03ad6a4c3c0e64440b1d6cee74fc2a4f) Importer(815301076,1909f56bfc062723c751e8b465ee728b)
Start importing Assets/Materials/BuildingStone.mat using Guid(03ad6a4c3c0e64440b1d6cee74fc2a4f) Importer(815301076,1909f56bfc062723c751e8b465ee728b)  -> (artifact id: '6a5f30525a42777d8cb6f8dff7fb069c') in 0.022703 seconds 
  Import took 0.028952 seconds .

========================================================================
Received Import Request.
  Time since last request: 0.000558 seconds.
  path: Assets/Materials/Smoke.mat
  artifactKey: Guid(d391697c7deb3a0459e0cdc4774e1631) Importer(815301076,1909f56bfc062723c751e8b465ee728b)
Start importing Assets/Materials/Smoke.mat using Guid(d391697c7deb3a0459e0cdc4774e1631) Importer(815301076,1909f56bfc062723c751e8b465ee728b)  -> (artifact id: '4aac41a5d12eaf0cfba45e74e41c677e') in 0.032770 seconds 
  Import took 0.040596 seconds .

========================================================================
Received Import Request.
  Time since last request: 0.000877 seconds.
  path: Assets/Materials/Gold.mat
  artifactKey: Guid(6221f2fbc7212d94cb9c069ee262d824) Importer(815301076,1909f56bfc062723c751e8b465ee728b)
Start importing Assets/Materials/Gold.mat using Guid(6221f2fbc7212d94cb9c069ee262d824) Importer(815301076,1909f56bfc062723c751e8b465ee728b)  -> (artifact id: '9a18f0887a999ff3eaf2e9880f345981') in 0.030772 seconds 
  Import took 0.039859 seconds .

========================================================================
Received Import Request.
  Time since last request: 20.843959 seconds.
  path: Assets/MyMaterials/Red.mat
  artifactKey: Guid(463052f3f7389124f9e7b34b0b931d0d) Importer(815301076,1909f56bfc062723c751e8b465ee728b)
Start importing Assets/MyMaterials/Red.mat using Guid(463052f3f7389124f9e7b34b0b931d0d) Importer(815301076,1909f56bfc062723c751e8b465ee728b)  -> (artifact id: '7a861df3127b3c45c17d2ed39c6a0df0') in 0.024074 seconds 
  Import took 0.031687 seconds .

========================================================================
Received Import Request.
  Time since last request: 23.820555 seconds.
  path: Assets/MyMaterials/EnemyTankColor.mat
  artifactKey: Guid(463052f3f7389124f9e7b34b0b931d0d) Importer(815301076,1909f56bfc062723c751e8b465ee728b)
Start importing Assets/MyMaterials/EnemyTankColor.mat using Guid(463052f3f7389124f9e7b34b0b931d0d) Importer(815301076,1909f56bfc062723c751e8b465ee728b)  -> (artifact id: 'a12b4c1bf24e4d28735db6a62c6ee86d') in 0.031330 seconds 
  Import took 0.038852 seconds .

========================================================================
Received Prepare
Registering precompiled user dll's ...
Registered in 0.014247 seconds.
Begin MonoManager ReloadAssembly
Native extension for WindowsStandalone target not found
Refreshing native plugins compatible for Editor in 1.26 ms, found 2 plugins.
Preloading 0 native plugins for Editor in 0.00 ms.
Mono: successfully reloaded assembly
- Completed reload, in  2.708 seconds
Domain Reload Profiling:
	ReloadAssembly (2709ms)
		BeginReloadAssembly (309ms)
			ExecutionOrderSort (0ms)
			DisableScriptedObjects (13ms)
			BackupInstance (0ms)
			ReleaseScriptingObjects (0ms)
			CreateAndSetChildDomain (102ms)
		EndReloadAssembly (2183ms)
			LoadAssemblies (289ms)
			RebuildTransferFunctionScriptingTraits (0ms)
			SetupTypeCache (673ms)
			ReleaseScriptCaches (3ms)
			RebuildScriptCaches (106ms)
			SetupLoadedEditorAssemblies (921ms)
				LogAssemblyErrors (0ms)
				InitializePlatformSupportModulesInManaged (11ms)
				SetLoadedEditorAssemblies (1ms)
				RefreshPlugins (1ms)
				BeforeProcessingInitializeOnLoad (195ms)
				ProcessInitializeOnLoadAttributes (682ms)
				ProcessInitializeOnLoadMethodAttributes (14ms)
				AfterProcessingInitializeOnLoad (17ms)
				EditorAssembliesLoaded (1ms)
			ExecutionOrderSort2 (0ms)
			AwakeInstancesAfterBackupRestoration (14ms)
Platform modules already initialized, skipping
Refreshing native plugins compatible for Editor in 1.84 ms, found 2 plugins.
Preloading 0 native plugins for Editor in 0.00 ms.
Unloading 1746 Unused Serialized files (Serialized files now loaded: 0)
System memory in use before: 81.8 MB.
System memory in use after: 82.0 MB.

Unloading 35 unused Assets to reduce memory usage. Loaded Objects now: 2254.
Total: 10.560000 ms (FindLiveObjects: 0.449700 ms CreateObjectMapping: 0.125200 ms MarkObjects: 9.904400 ms  DeleteObjects: 0.076100 ms)

AssetImportParameters requested are different than current active one (requested -> active):
  custom:framework-win-MediaFoundation: 216162199b28c13a410421893ffa2e32 -> 
  custom:video-decoder-ogg-theora: a1e56fd34408186e4bbccfd4996cb3dc -> 
  custom:container-muxer-webm: aa71ff27fc2769a1b78a27578f13a17b -> 
  custom:container-demuxer-webm: 4f35f7cbe854078d1ac9338744f61a02 -> 
  custom:container-demuxer-ogg: 62fdf1f143b41e24485cea50d1cbac27 -> 
  custom:video-encoder-webm-vp8: eb34c28f22e8b96e1ab97ce403110664 -> 
  custom:video-decoder-webm-vp8: 9c59270c3fd7afecdb556c50c9e8de78 -> 
  custom:audio-decoder-ogg-vorbis: bf7c407c2cedff20999df2af8eb42d56 -> 
  custom:audio-encoder-webm-vorbis: bf7c407c2cedff20999df2af8eb42d56 -> 
========================================================================
Received Prepare
Registering precompiled user dll's ...
Registered in 0.010030 seconds.
Begin MonoManager ReloadAssembly
Native extension for WindowsStandalone target not found
Refreshing native plugins compatible for Editor in 1.29 ms, found 2 plugins.
Preloading 0 native plugins for Editor in 0.00 ms.
Mono: successfully reloaded assembly
- Completed reload, in  2.216 seconds
Domain Reload Profiling:
	ReloadAssembly (2217ms)
		BeginReloadAssembly (280ms)
			ExecutionOrderSort (0ms)
			DisableScriptedObjects (12ms)
			BackupInstance (0ms)
			ReleaseScriptingObjects (0ms)
			CreateAndSetChildDomain (79ms)
		EndReloadAssembly (1769ms)
			LoadAssemblies (235ms)
			RebuildTransferFunctionScriptingTraits (0ms)
			SetupTypeCache (585ms)
			ReleaseScriptCaches (2ms)
			RebuildScriptCaches (72ms)
			SetupLoadedEditorAssemblies (741ms)
				LogAssemblyErrors (0ms)
				InitializePlatformSupportModulesInManaged (10ms)
				SetLoadedEditorAssemblies (1ms)
				RefreshPlugins (1ms)
				BeforeProcessingInitializeOnLoad (176ms)
				ProcessInitializeOnLoadAttributes (522ms)
				ProcessInitializeOnLoadMethodAttributes (14ms)
				AfterProcessingInitializeOnLoad (17ms)
				EditorAssembliesLoaded (1ms)
			ExecutionOrderSort2 (0ms)
			AwakeInstancesAfterBackupRestoration (13ms)
Platform modules already initialized, skipping
Refreshing native plugins compatible for Editor in 1.24 ms, found 2 plugins.
Preloading 0 native plugins for Editor in 0.00 ms.
Unloading 1746 Unused Serialized files (Serialized files now loaded: 0)
System memory in use before: 81.8 MB.
System memory in use after: 82.0 MB.

Unloading 34 unused Assets to reduce memory usage. Loaded Objects now: 2256.
Total: 6.552600 ms (FindLiveObjects: 0.460300 ms CreateObjectMapping: 0.073400 ms MarkObjects: 5.942200 ms  DeleteObjects: 0.073300 ms)

AssetImportParameters requested are different than current active one (requested -> active):
  custom:framework-win-MediaFoundation: 216162199b28c13a410421893ffa2e32 -> 
  custom:video-decoder-ogg-theora: a1e56fd34408186e4bbccfd4996cb3dc -> 
  custom:container-muxer-webm: aa71ff27fc2769a1b78a27578f13a17b -> 
  custom:container-demuxer-webm: 4f35f7cbe854078d1ac9338744f61a02 -> 
  custom:container-demuxer-ogg: 62fdf1f143b41e24485cea50d1cbac27 -> 
  custom:video-encoder-webm-vp8: eb34c28f22e8b96e1ab97ce403110664 -> 
  custom:video-decoder-webm-vp8: 9c59270c3fd7afecdb556c50c9e8de78 -> 
  custom:audio-decoder-ogg-vorbis: bf7c407c2cedff20999df2af8eb42d56 -> 
  custom:audio-encoder-webm-vorbis: bf7c407c2cedff20999df2af8eb42d56 -> 
AssetImportWorkerClient::OnTransportError - code=2 error=End of file
